Using pre-set license
Built from '2020.3/staging' branch; Version is '2020.3.10f1 (297d780c91bc) revision 2719096'; Using compiler version '192528614'; Build Type 'Release'
OS: 'Windows 10 Home; OS build 19042.1415; Version 2009; 64bit' Language: 'ja' Physical Memory: 16319 MB
BatchMode: 1, IsHumanControllingUs: 0, StartBugReporterOnCrash: 0, Is64bit: 1, IsPro: 0

 COMMAND LINE ARGUMENTS:
C:\Program Files\Unity\Hub\Editor\2020.3.10f1\Editor\Unity.exe
-adb2
-batchMode
-noUpm
-name
AssetImportWorker0
-projectPath
D:/Unity/Project/Quoridor
-logFile
Logs/AssetImportWorker0.log
-srvPort
65415
Successfully changed project path to: D:/Unity/Project/Quoridor
D:/Unity/Project/Quoridor
Using Asset Import Pipeline V2.
Refreshing native plugins compatible for Editor in 29.86 ms, found 2 plugins.
Preloading 0 native plugins for Editor in 0.00 ms.
Initialize engine version: 2020.3.10f1 (297d780c91bc)
[Subsystems] Discovering subsystems at path C:/Program Files/Unity/Hub/Editor/2020.3.10f1/Editor/Data/Resources/UnitySubsystems
[Subsystems] Discovering subsystems at path D:/Unity/Project/Quoridor/Assets
GfxDevice: creating device client; threaded=0
Direct3D:
    Version:  Direct3D 11.0 [level 11.1]
    Renderer: NVIDIA GeForce GTX 1050 Ti (ID=0x1c82)
    Vendor:   
    VRAM:     4018 MB
    Driver:   27.21.14.5751
Initialize mono
Mono path[0] = 'C:/Program Files/Unity/Hub/Editor/2020.3.10f1/Editor/Data/Managed'
Mono path[1] = 'C:/Program Files/Unity/Hub/Editor/2020.3.10f1/Editor/Data/MonoBleedingEdge/lib/mono/unityjit'
Mono config path = 'C:/Program Files/Unity/Hub/Editor/2020.3.10f1/Editor/Data/MonoBleedingEdge/etc'
Using monoOptions --debugger-agent=transport=dt_socket,embedding=1,server=y,suspend=n,address=127.0.0.1:56120
Begin MonoManager ReloadAssembly
Registering precompiled unity dll's ...
Register platform support module: C:/Program Files/Unity/Hub/Editor/2020.3.10f1/Editor/Data/PlaybackEngines/WebGLSupport/UnityEditor.WebGL.Extensions.dll
Register platform support module: C:/Program Files/Unity/Hub/Editor/2020.3.10f1/Editor/Data/PlaybackEngines/WindowsStandaloneSupport/UnityEditor.WindowsStandalone.Extensions.dll
Registered in 0.009053 seconds.
Native extension for WindowsStandalone target not found
Native extension for WebGL target not found
Refreshing native plugins compatible for Editor in 27.98 ms, found 2 plugins.
Preloading 0 native plugins for Editor in 0.00 ms.
Mono: successfully reloaded assembly
- Completed reload, in  2.187 seconds
Platform modules already initialized, skipping
Registering precompiled user dll's ...
Registered in 0.003720 seconds.
Begin MonoManager ReloadAssembly
Native extension for WindowsStandalone target not found
Native extension for WebGL target not found
Refreshing native plugins compatible for Editor in 0.29 ms, found 2 plugins.
Preloading 0 native plugins for Editor in 0.00 ms.
Mono: successfully reloaded assembly
- Completed reload, in  1.168 seconds
Platform modules already initialized, skipping
========================================================================
Worker process is ready to serve import requests
Launched and connected shader compiler UnityShaderCompiler.exe after 0.07 seconds
Refreshing native plugins compatible for Editor in 0.28 ms, found 2 plugins.
Preloading 0 native plugins for Editor in 0.00 ms.
Unloading 1400 Unused Serialized files (Serialized files now loaded: 0)
System memory in use before: 67.9 MB.
System memory in use after: 68.0 MB.

Unloading 19 unused Assets to reduce memory usage. Loaded Objects now: 1835.
Total: 2.008400 ms (FindLiveObjects: 0.132500 ms CreateObjectMapping: 0.039100 ms MarkObjects: 1.761100 ms  DeleteObjects: 0.074700 ms)

========================================================================
Received Import Request.
  path: Assets/Scripts/PasteImage.cs
  artifactKey: Guid(61abed5289c6bf840adb89c944fba03c) Importer(815301076,1909f56bfc062723c751e8b465ee728b)
Start importing Assets/Scripts/PasteImage.cs using Guid(61abed5289c6bf840adb89c944fba03c) Importer(815301076,1909f56bfc062723c751e8b465ee728b)  -> (artifact id: 'ba2c8d6e85a4f89c2295a39ee63c4ebc') in 0.058296 seconds
  Import took 0.455025 seconds .

========================================================================
Received Import Request.
  Time since last request: 45.903061 seconds.
  path: Assets/Scripts/PasteImage.cs
  artifactKey: Guid(61abed5289c6bf840adb89c944fba03c) Importer(815301076,1909f56bfc062723c751e8b465ee728b)
Start importing Assets/Scripts/PasteImage.cs using Guid(61abed5289c6bf840adb89c944fba03c) Importer(815301076,1909f56bfc062723c751e8b465ee728b)  -> (artifact id: 'e4306664aec5df5700ff8cedfe3a541f') in 0.004207 seconds
  Import took 0.007232 seconds .

========================================================================
Received Import Request.
  Time since last request: 0.247809 seconds.
  path: Assets/Scripts/PasteImage.cs
  artifactKey: Guid(61abed5289c6bf840adb89c944fba03c) Importer(815301076,1909f56bfc062723c751e8b465ee728b)
Start importing Assets/Scripts/PasteImage.cs using Guid(61abed5289c6bf840adb89c944fba03c) Importer(815301076,1909f56bfc062723c751e8b465ee728b)  -> (artifact id: 'e4306664aec5df5700ff8cedfe3a541f') in 0.012512 seconds
  Import took 0.038122 seconds .

========================================================================
Received Prepare
Registering precompiled user dll's ...
Registered in 0.003825 seconds.
Begin MonoManager ReloadAssembly
Native extension for WindowsStandalone target not found
Native extension for WebGL target not found
Refreshing native plugins compatible for Editor in 0.35 ms, found 2 plugins.
Preloading 0 native plugins for Editor in 0.00 ms.
Mono: successfully reloaded assembly
- Completed reload, in  1.174 seconds
Platform modules already initialized, skipping
Refreshing native plugins compatible for Editor in 0.30 ms, found 2 plugins.
Preloading 0 native plugins for Editor in 0.00 ms.
Unloading 1395 Unused Serialized files (Serialized files now loaded: 0)
System memory in use before: 67.9 MB.
System memory in use after: 68.0 MB.

Unloading 14 unused Assets to reduce memory usage. Loaded Objects now: 1838.
Total: 1.821700 ms (FindLiveObjects: 0.122400 ms CreateObjectMapping: 0.037300 ms MarkObjects: 1.616700 ms  DeleteObjects: 0.044500 ms)

========================================================================
Received Prepare
Registering precompiled user dll's ...
Registered in 0.003992 seconds.
Begin MonoManager ReloadAssembly
Native extension for WindowsStandalone target not found
Native extension for WebGL target not found
Refreshing native plugins compatible for Editor in 0.31 ms, found 2 plugins.
Preloading 0 native plugins for Editor in 0.00 ms.
Mono: successfully reloaded assembly
- Completed reload, in  1.132 seconds
Platform modules already initialized, skipping
Refreshing native plugins compatible for Editor in 0.29 ms, found 2 plugins.
Preloading 0 native plugins for Editor in 0.00 ms.
Unloading 1395 Unused Serialized files (Serialized files now loaded: 0)
System memory in use before: 67.9 MB.
System memory in use after: 68.0 MB.

Unloading 14 unused Assets to reduce memory usage. Loaded Objects now: 1841.
Total: 1.899200 ms (FindLiveObjects: 0.131900 ms CreateObjectMapping: 0.042200 ms MarkObjects: 1.675800 ms  DeleteObjects: 0.048200 ms)

========================================================================
Received Import Request.
  Time since last request: 66.554645 seconds.
  path: Assets/Scripts/DragHorizontalWallsScript.cs
  artifactKey: Guid(a62ce25d82d07524f88036a681e6ff77) Importer(815301076,1909f56bfc062723c751e8b465ee728b)
Start importing Assets/Scripts/DragHorizontalWallsScript.cs using Guid(a62ce25d82d07524f88036a681e6ff77) Importer(815301076,1909f56bfc062723c751e8b465ee728b)  -> (artifact id: '4f5af370f704bb48d4269118e9fa9555') in 0.028034 seconds
  Import took 0.031739 seconds .

========================================================================
Received Import Request.
  Time since last request: 0.003591 seconds.
  path: Assets/Scripts/DragHorizontalWallsScript.cs
  artifactKey: Guid(a62ce25d82d07524f88036a681e6ff77) Importer(815301076,1909f56bfc062723c751e8b465ee728b)
Start importing Assets/Scripts/DragHorizontalWallsScript.cs using Guid(a62ce25d82d07524f88036a681e6ff77) Importer(815301076,1909f56bfc062723c751e8b465ee728b)  -> (artifact id: '4f5af370f704bb48d4269118e9fa9555') in 0.003969 seconds
  Import took 0.006724 seconds .

========================================================================
Received Prepare
Registering precompiled user dll's ...
Registered in 0.004762 seconds.
Begin MonoManager ReloadAssembly
Native extension for WindowsStandalone target not found
Native extension for WebGL target not found
Refreshing native plugins compatible for Editor in 0.29 ms, found 2 plugins.
Preloading 0 native plugins for Editor in 0.00 ms.
Mono: successfully reloaded assembly
- Completed reload, in  1.208 seconds
Platform modules already initialized, skipping
Refreshing native plugins compatible for Editor in 0.72 ms, found 2 plugins.
Preloading 0 native plugins for Editor in 0.00 ms.
Unloading 1395 Unused Serialized files (Serialized files now loaded: 0)
System memory in use before: 67.9 MB.
System memory in use after: 68.0 MB.

Unloading 14 unused Assets to reduce memory usage. Loaded Objects now: 1844.
Total: 1.879200 ms (FindLiveObjects: 0.136200 ms CreateObjectMapping: 0.043700 ms MarkObjects: 1.646700 ms  DeleteObjects: 0.051300 ms)

========================================================================
Received Import Request.
  Time since last request: 116.217242 seconds.
  path: Assets/Scripts/DragHorizontalWallsScript.cs
  artifactKey: Guid(a62ce25d82d07524f88036a681e6ff77) Importer(815301076,1909f56bfc062723c751e8b465ee728b)
Start importing Assets/Scripts/DragHorizontalWallsScript.cs using Guid(a62ce25d82d07524f88036a681e6ff77) Importer(815301076,1909f56bfc062723c751e8b465ee728b)  -> (artifact id: '88596754b72c44aa59ccc499a6763340') in 0.005930 seconds
  Import took 0.009090 seconds .

========================================================================
Received Prepare
Registering precompiled user dll's ...
Registered in 0.004252 seconds.
Begin MonoManager ReloadAssembly
Native extension for WindowsStandalone target not found
Native extension for WebGL target not found
Refreshing native plugins compatible for Editor in 0.30 ms, found 2 plugins.
Preloading 0 native plugins for Editor in 0.00 ms.
Mono: successfully reloaded assembly
- Completed reload, in  1.115 seconds
Platform modules already initialized, skipping
Refreshing native plugins compatible for Editor in 0.36 ms, found 2 plugins.
Preloading 0 native plugins for Editor in 0.00 ms.
Unloading 1395 Unused Serialized files (Serialized files now loaded: 0)
System memory in use before: 67.9 MB.
System memory in use after: 68.0 MB.

Unloading 14 unused Assets to reduce memory usage. Loaded Objects now: 1847.
Total: 1.862400 ms (FindLiveObjects: 0.132900 ms CreateObjectMapping: 0.043100 ms MarkObjects: 1.634200 ms  DeleteObjects: 0.051000 ms)

========================================================================
Received Import Request.
  Time since last request: 80.814479 seconds.
  path: Assets/Scripts/DragVerticalWallsScript.cs
  artifactKey: Guid(9d482a71d7f7733439d427ec60b7402b) Importer(815301076,1909f56bfc062723c751e8b465ee728b)
Start importing Assets/Scripts/DragVerticalWallsScript.cs using Guid(9d482a71d7f7733439d427ec60b7402b) Importer(815301076,1909f56bfc062723c751e8b465ee728b)  -> (artifact id: '3006f13d159a1923aad88027947bc91a') in 0.013690 seconds
  Import took 0.016689 seconds .

========================================================================
Received Import Request.
  Time since last request: 100.779436 seconds.
  path: Assets/Scenes/MainScene.unity
  artifactKey: Guid(9fc0d4010bbf28b4594072e72b8655ab) Importer(815301076,1909f56bfc062723c751e8b465ee728b)
Start importing Assets/Scenes/MainScene.unity using Guid(9fc0d4010bbf28b4594072e72b8655ab) Importer(815301076,1909f56bfc062723c751e8b465ee728b)  -> (artifact id: '2d8b2cfdd7846792fc539068d98f4005') in 0.021970 seconds
  Import took 0.024159 seconds .

========================================================================
Received Import Request.
  Time since last request: 18.017592 seconds.
  path: Assets/Scenes/TitleScene.unity
  artifactKey: Guid(5c7af8e68c270344e93ccb516a62e9bd) Importer(815301076,1909f56bfc062723c751e8b465ee728b)
Start importing Assets/Scenes/TitleScene.unity using Guid(5c7af8e68c270344e93ccb516a62e9bd) Importer(815301076,1909f56bfc062723c751e8b465ee728b)  -> (artifact id: '4ea54048066f28a88b4cdb698aa5c799') in 0.010551 seconds
  Import took 0.092854 seconds .

========================================================================
Received Prepare
Registering precompiled user dll's ...
Registered in 0.003392 seconds.
Begin MonoManager ReloadAssembly
Native extension for WindowsStandalone target not found
Native extension for WebGL target not found
Refreshing native plugins compatible for Editor in 0.30 ms, found 2 plugins.
Preloading 0 native plugins for Editor in 0.00 ms.
Mono: successfully reloaded assembly
- Completed reload, in  1.151 seconds
Platform modules already initialized, skipping
Refreshing native plugins compatible for Editor in 0.30 ms, found 2 plugins.
Preloading 0 native plugins for Editor in 0.00 ms.
Unloading 1395 Unused Serialized files (Serialized files now loaded: 0)
System memory in use before: 68.0 MB.
System memory in use after: 68.0 MB.

Unloading 14 unused Assets to reduce memory usage. Loaded Objects now: 1850.
Total: 1.945000 ms (FindLiveObjects: 0.278600 ms CreateObjectMapping: 0.058400 ms MarkObjects: 1.551900 ms  DeleteObjects: 0.054300 ms)

========================================================================
Received Prepare
Registering precompiled user dll's ...
Registered in 0.050481 seconds.
Begin MonoManager ReloadAssembly
Native extension for WindowsStandalone target not found
Native extension for WebGL target not found
Refreshing native plugins compatible for Editor in 0.30 ms, found 2 plugins.
Preloading 0 native plugins for Editor in 0.00 ms.
Mono: successfully reloaded assembly
- Completed reload, in  1.112 seconds
Platform modules already initialized, skipping
Refreshing native plugins compatible for Editor in 0.34 ms, found 2 plugins.
Preloading 0 native plugins for Editor in 0.00 ms.
Unloading 1395 Unused Serialized files (Serialized files now loaded: 0)
System memory in use before: 68.0 MB.
System memory in use after: 68.1 MB.

Unloading 14 unused Assets to reduce memory usage. Loaded Objects now: 1853.
Total: 1.733600 ms (FindLiveObjects: 0.129700 ms CreateObjectMapping: 0.040400 ms MarkObjects: 1.512700 ms  DeleteObjects: 0.050200 ms)

========================================================================
Received Import Request.
  Time since last request: 796.120623 seconds.
  path: Assets/Scripts/HomeDialog1.cs
  artifactKey: Guid(ee3e9ba8247472d4983d5ae9f4ccfa4a) Importer(815301076,1909f56bfc062723c751e8b465ee728b)
Start importing Assets/Scripts/HomeDialog1.cs using Guid(ee3e9ba8247472d4983d5ae9f4ccfa4a) Importer(815301076,1909f56bfc062723c751e8b465ee728b)  -> (artifact id: '247153db935861ce6602a6593cec91d3') in 0.023116 seconds
  Import took 0.053030 seconds .

========================================================================
Received Import Request.
  Time since last request: 31.405812 seconds.
  path: Assets/Scripts/Image.cs
  artifactKey: Guid(ee3e9ba8247472d4983d5ae9f4ccfa4a) Importer(815301076,1909f56bfc062723c751e8b465ee728b)
Start importing Assets/Scripts/Image.cs using Guid(ee3e9ba8247472d4983d5ae9f4ccfa4a) Importer(815301076,1909f56bfc062723c751e8b465ee728b)  -> (artifact id: 'd425db2336003f829520df9042e40fa3') in 0.010012 seconds
  Import took 0.023403 seconds .

========================================================================
Received Import Request.
  Time since last request: 722.257539 seconds.
  path: Assets/Scenes/TitleScene.unity
  artifactKey: Guid(5c7af8e68c270344e93ccb516a62e9bd) Importer(815301076,1909f56bfc062723c751e8b465ee728b)
Start importing Assets/Scenes/TitleScene.unity using Guid(5c7af8e68c270344e93ccb516a62e9bd) Importer(815301076,1909f56bfc062723c751e8b465ee728b)  -> (artifact id: '4bda8c89cbfbbab6cb9db864ca9fe1f0') in 0.012360 seconds
  Import took 0.182765 seconds .

========================================================================
Received Import Request.
  Time since last request: 93.045240 seconds.
  path: Assets/Scripts/Image.cs
  artifactKey: Guid(ee3e9ba8247472d4983d5ae9f4ccfa4a) Importer(815301076,1909f56bfc062723c751e8b465ee728b)
Start importing Assets/Scripts/Image.cs using Guid(ee3e9ba8247472d4983d5ae9f4ccfa4a) Importer(815301076,1909f56bfc062723c751e8b465ee728b)  -> (artifact id: 'fec9962469a2d5cfc23e6108947524ae') in 0.002990 seconds
  Import took 0.005979 seconds .

========================================================================
Received Import Request.
  Time since last request: 0.001555 seconds.
  path: Assets/Scripts/Image.cs
  artifactKey: Guid(ee3e9ba8247472d4983d5ae9f4ccfa4a) Importer(815301076,1909f56bfc062723c751e8b465ee728b)
Start importing Assets/Scripts/Image.cs using Guid(ee3e9ba8247472d4983d5ae9f4ccfa4a) Importer(815301076,1909f56bfc062723c751e8b465ee728b)  -> (artifact id: 'fec9962469a2d5cfc23e6108947524ae') in 0.004550 seconds
  Import took 0.007456 seconds .

========================================================================
Received Import Request.
  Time since last request: 345.251906 seconds.
  path: Assets/Scripts/Image.cs
  artifactKey: Guid(3adc1fa486240bf40a0fc5a48bb7c37e) Importer(815301076,1909f56bfc062723c751e8b465ee728b)
Start importing Assets/Scripts/Image.cs using Guid(3adc1fa486240bf40a0fc5a48bb7c37e) Importer(815301076,1909f56bfc062723c751e8b465ee728b)  -> (artifact id: '208431dbc76da691975959932d51dfb0') in 0.003964 seconds
  Import took 0.030506 seconds .

========================================================================
Received Import Request.
  Time since last request: 33.581212 seconds.
  path: Assets/Scripts/ImageDialog.cs
  artifactKey: Guid(3adc1fa486240bf40a0fc5a48bb7c37e) Importer(815301076,1909f56bfc062723c751e8b465ee728b)
Start importing Assets/Scripts/ImageDialog.cs using Guid(3adc1fa486240bf40a0fc5a48bb7c37e) Importer(815301076,1909f56bfc062723c751e8b465ee728b)  -> (artifact id: '5b59435fdcfdfb88ad02c008668036ab') in 0.014929 seconds
  Import took 0.037380 seconds .

========================================================================
Received Import Request.
  Time since last request: 25.075604 seconds.
  path: Assets/Scripts/InstructionDialog.cs
  artifactKey: Guid(3adc1fa486240bf40a0fc5a48bb7c37e) Importer(815301076,1909f56bfc062723c751e8b465ee728b)
Start importing Assets/Scripts/InstructionDialog.cs using Guid(3adc1fa486240bf40a0fc5a48bb7c37e) Importer(815301076,1909f56bfc062723c751e8b465ee728b)  -> (artifact id: '59720c5f3af0265f2b83e25287795e16') in 0.056370 seconds
  Import took 0.059597 seconds .

========================================================================
Received Import Request.
  Time since last request: 49.102866 seconds.
  path: Assets/Scripts/InstructionDialog.cs
  artifactKey: Guid(3adc1fa486240bf40a0fc5a48bb7c37e) Importer(815301076,1909f56bfc062723c751e8b465ee728b)
Start importing Assets/Scripts/InstructionDialog.cs using Guid(3adc1fa486240bf40a0fc5a48bb7c37e) Importer(815301076,1909f56bfc062723c751e8b465ee728b)  -> (artifact id: '209703420197473c7959dac81b8372c3') in 0.004461 seconds
  Import took 0.007933 seconds .

========================================================================
Received Import Request.
  Time since last request: 0.000816 seconds.
  path: Assets/Scripts/InstructionDialog.cs
  artifactKey: Guid(3adc1fa486240bf40a0fc5a48bb7c37e) Importer(815301076,1909f56bfc062723c751e8b465ee728b)
Start importing Assets/Scripts/InstructionDialog.cs using Guid(3adc1fa486240bf40a0fc5a48bb7c37e) Importer(815301076,1909f56bfc062723c751e8b465ee728b)  -> (artifact id: '209703420197473c7959dac81b8372c3') in 0.005539 seconds
  Import took 0.009302 seconds .

========================================================================
Received Import Request.
  Time since last request: 574.349643 seconds.
  path: Assets/Scripts/InstructionDialog.cs
  artifactKey: Guid(3adc1fa486240bf40a0fc5a48bb7c37e) Importer(815301076,1909f56bfc062723c751e8b465ee728b)
Start importing Assets/Scripts/InstructionDialog.cs using Guid(3adc1fa486240bf40a0fc5a48bb7c37e) Importer(815301076,1909f56bfc062723c751e8b465ee728b)  -> (artifact id: '395098a549775e047d5c969616a93e41') in 0.004657 seconds
  Import took 0.008879 seconds .

========================================================================
Received Import Request.
  Time since last request: 0.003867 seconds.
  path: Assets/Scripts/InstructionDialog.cs
  artifactKey: Guid(3adc1fa486240bf40a0fc5a48bb7c37e) Importer(815301076,1909f56bfc062723c751e8b465ee728b)
Start importing Assets/Scripts/InstructionDialog.cs using Guid(3adc1fa486240bf40a0fc5a48bb7c37e) Importer(815301076,1909f56bfc062723c751e8b465ee728b)  -> (artifact id: '395098a549775e047d5c969616a93e41') in 0.005801 seconds
  Import took 0.008709 seconds .

========================================================================
Received Import Request.
  Time since last request: 131.658118 seconds.
  path: Assets/InstructionDialog.cs
  artifactKey: Guid(21577ceb67959df4c8d1149440bc4ac3) Importer(815301076,1909f56bfc062723c751e8b465ee728b)
Start importing Assets/InstructionDialog.cs using Guid(21577ceb67959df4c8d1149440bc4ac3) Importer(815301076,1909f56bfc062723c751e8b465ee728b)  -> (artifact id: 'ba884decfb5f50096ef9efec702ffdcb') in 0.003445 seconds
  Import took 0.006325 seconds .

========================================================================
Received Import Request.
  Time since last request: 0.001965 seconds.
  path: Assets/InstructionDialog.cs
  artifactKey: Guid(21577ceb67959df4c8d1149440bc4ac3) Importer(815301076,1909f56bfc062723c751e8b465ee728b)
Start importing Assets/InstructionDialog.cs using Guid(21577ceb67959df4c8d1149440bc4ac3) Importer(815301076,1909f56bfc062723c751e8b465ee728b)  -> (artifact id: 'ba884decfb5f50096ef9efec702ffdcb') in 0.005721 seconds
  Import took 0.008121 seconds .

========================================================================
Received Import Request.
  Time since last request: 1.543766 seconds.
  path: Assets/TitleSceneDialog.cs
  artifactKey: Guid(0f1d1d7b7c16d744787be7d78b258c60) Importer(815301076,1909f56bfc062723c751e8b465ee728b)
Start importing Assets/TitleSceneDialog.cs using Guid(0f1d1d7b7c16d744787be7d78b258c60) Importer(815301076,1909f56bfc062723c751e8b465ee728b)  -> (artifact id: '0eb5e78294a01db0f957f237fd79826a') in 0.008863 seconds
  Import took 0.012001 seconds .

========================================================================
Received Prepare
Registering precompiled user dll's ...
Registered in 0.004441 seconds.
Begin MonoManager ReloadAssembly
Native extension for WindowsStandalone target not found
Native extension for WebGL target not found
Refreshing native plugins compatible for Editor in 0.36 ms, found 2 plugins.
Preloading 0 native plugins for Editor in 0.00 ms.
Mono: successfully reloaded assembly
- Completed reload, in  1.138 seconds
Platform modules already initialized, skipping
Refreshing native plugins compatible for Editor in 0.50 ms, found 2 plugins.
Preloading 0 native plugins for Editor in 0.00 ms.
Unloading 1395 Unused Serialized files (Serialized files now loaded: 0)
System memory in use before: 68.0 MB.
System memory in use after: 68.1 MB.

Unloading 14 unused Assets to reduce memory usage. Loaded Objects now: 1856.
Total: 2.004400 ms (FindLiveObjects: 0.160700 ms CreateObjectMapping: 0.094300 ms MarkObjects: 1.694700 ms  DeleteObjects: 0.053500 ms)

========================================================================
Received Import Request.
  Time since last request: 131.924899 seconds.
  path: Assets/Scenes/TitleScene.unity
  artifactKey: Guid(5c7af8e68c270344e93ccb516a62e9bd) Importer(815301076,1909f56bfc062723c751e8b465ee728b)
Start importing Assets/Scenes/TitleScene.unity using Guid(5c7af8e68c270344e93ccb516a62e9bd) Importer(815301076,1909f56bfc062723c751e8b465ee728b)  -> (artifact id: '72e036c00a03e97eb36b4b28856cda5f') in 0.013279 seconds
  Import took 0.016168 seconds .

========================================================================
Received Prepare
Registering precompiled user dll's ...
Registered in 0.003360 seconds.
Begin MonoManager ReloadAssembly
Native extension for WindowsStandalone target not found
Native extension for WebGL target not found
Refreshing native plugins compatible for Editor in 1.90 ms, found 2 plugins.
Preloading 0 native plugins for Editor in 0.00 ms.
Mono: successfully reloaded assembly
- Completed reload, in  1.770 seconds
Platform modules already initialized, skipping
Refreshing native plugins compatible for Editor in 0.48 ms, found 2 plugins.
Preloading 0 native plugins for Editor in 0.00 ms.
Unloading 1396 Unused Serialized files (Serialized files now loaded: 0)
System memory in use before: 68.0 MB.
System memory in use after: 68.1 MB.

Unloading 14 unused Assets to reduce memory usage. Loaded Objects now: 1860.
Total: 2.456400 ms (FindLiveObjects: 0.153600 ms CreateObjectMapping: 0.054100 ms MarkObjects: 2.189900 ms  DeleteObjects: 0.057300 ms)

========================================================================
Received Prepare
Registering precompiled user dll's ...
Registered in 0.004930 seconds.
Begin MonoManager ReloadAssembly
Native extension for WindowsStandalone target not found
Native extension for WebGL target not found
Refreshing native plugins compatible for Editor in 0.36 ms, found 2 plugins.
Preloading 0 native plugins for Editor in 0.00 ms.
Mono: successfully reloaded assembly
- Completed reload, in  1.508 seconds
Platform modules already initialized, skipping
Refreshing native plugins compatible for Editor in 0.29 ms, found 2 plugins.
Preloading 0 native plugins for Editor in 0.00 ms.
Unloading 1396 Unused Serialized files (Serialized files now loaded: 0)
System memory in use before: 68.0 MB.
System memory in use after: 68.1 MB.

Unloading 14 unused Assets to reduce memory usage. Loaded Objects now: 1863.
Total: 1.649600 ms (FindLiveObjects: 0.135500 ms CreateObjectMapping: 0.043400 ms MarkObjects: 1.425300 ms  DeleteObjects: 0.044500 ms)

========================================================================
Received Prepare
Registering precompiled user dll's ...
Registered in 0.005634 seconds.
Begin MonoManager ReloadAssembly
Native extension for WindowsStandalone target not found
Native extension for WebGL target not found
Refreshing native plugins compatible for Editor in 0.29 ms, found 2 plugins.
Preloading 0 native plugins for Editor in 0.00 ms.
Mono: successfully reloaded assembly
- Completed reload, in  1.176 seconds
Platform modules already initialized, skipping
Refreshing native plugins compatible for Editor in 0.29 ms, found 2 plugins.
Preloading 0 native plugins for Editor in 0.00 ms.
Unloading 1396 Unused Serialized files (Serialized files now loaded: 0)
System memory in use before: 68.0 MB.
System memory in use after: 68.1 MB.

Unloading 14 unused Assets to reduce memory usage. Loaded Objects now: 1866.
Total: 2.203400 ms (FindLiveObjects: 0.130500 ms CreateObjectMapping: 0.040200 ms MarkObjects: 1.981200 ms  DeleteObjects: 0.050400 ms)

========================================================================
Received Import Request.
  Time since last request: 153.859143 seconds.
  path: Assets/InstructionDialog.cs
  artifactKey: Guid(21577ceb67959df4c8d1149440bc4ac3) Importer(815301076,1909f56bfc062723c751e8b465ee728b)
Start importing Assets/InstructionDialog.cs using Guid(21577ceb67959df4c8d1149440bc4ac3) Importer(815301076,1909f56bfc062723c751e8b465ee728b)  -> (artifact id: '693262e8deeb60132e982bb25568fd98') in 0.006053 seconds
  Import took 0.008974 seconds .

========================================================================
Received Import Request.
  Time since last request: 0.026789 seconds.
  path: Assets/InstructionDialog.cs
  artifactKey: Guid(21577ceb67959df4c8d1149440bc4ac3) Importer(815301076,1909f56bfc062723c751e8b465ee728b)
Start importing Assets/InstructionDialog.cs using Guid(21577ceb67959df4c8d1149440bc4ac3) Importer(815301076,1909f56bfc062723c751e8b465ee728b)  -> (artifact id: '693262e8deeb60132e982bb25568fd98') in 0.004549 seconds
  Import took 0.006940 seconds .

========================================================================
Received Prepare
Registering precompiled user dll's ...
Registered in 0.003893 seconds.
Begin MonoManager ReloadAssembly
Native extension for WindowsStandalone target not found
Native extension for WebGL target not found
Refreshing native plugins compatible for Editor in 0.33 ms, found 2 plugins.
Preloading 0 native plugins for Editor in 0.00 ms.
Mono: successfully reloaded assembly
- Completed reload, in  1.299 seconds
Platform modules already initialized, skipping
Refreshing native plugins compatible for Editor in 0.34 ms, found 2 plugins.
Preloading 0 native plugins for Editor in 0.00 ms.
Unloading 1395 Unused Serialized files (Serialized files now loaded: 0)
System memory in use before: 68.0 MB.
System memory in use after: 68.1 MB.

Unloading 15 unused Assets to reduce memory usage. Loaded Objects now: 1868.
Total: 2.267600 ms (FindLiveObjects: 0.317100 ms CreateObjectMapping: 0.232700 ms MarkObjects: 1.666100 ms  DeleteObjects: 0.050700 ms)

========================================================================
Received Prepare
Registering precompiled user dll's ...
Registered in 0.006429 seconds.
Begin MonoManager ReloadAssembly
Native extension for WindowsStandalone target not found
Native extension for WebGL target not found
Refreshing native plugins compatible for Editor in 0.37 ms, found 2 plugins.
Preloading 0 native plugins for Editor in 0.00 ms.
Mono: successfully reloaded assembly
- Completed reload, in  1.150 seconds
Platform modules already initialized, skipping
Refreshing native plugins compatible for Editor in 0.29 ms, found 2 plugins.
Preloading 0 native plugins for Editor in 0.00 ms.
Unloading 1396 Unused Serialized files (Serialized files now loaded: 0)
System memory in use before: 68.0 MB.
System memory in use after: 68.1 MB.

Unloading 14 unused Assets to reduce memory usage. Loaded Objects now: 1872.
Total: 2.555500 ms (FindLiveObjects: 0.133700 ms CreateObjectMapping: 0.042700 ms MarkObjects: 2.308800 ms  DeleteObjects: 0.069100 ms)

========================================================================
Received Prepare
Registering precompiled user dll's ...
Registered in 0.003601 seconds.
Begin MonoManager ReloadAssembly
Native extension for WindowsStandalone target not found
Native extension for WebGL target not found
Refreshing native plugins compatible for Editor in 0.34 ms, found 2 plugins.
Preloading 0 native plugins for Editor in 0.00 ms.
Mono: successfully reloaded assembly
- Completed reload, in  1.177 seconds
Platform modules already initialized, skipping
Refreshing native plugins compatible for Editor in 0.33 ms, found 2 plugins.
Preloading 0 native plugins for Editor in 0.00 ms.
Unloading 1396 Unused Serialized files (Serialized files now loaded: 0)
System memory in use before: 68.1 MB.
System memory in use after: 68.1 MB.

Unloading 14 unused Assets to reduce memory usage. Loaded Objects now: 1875.
Total: 2.302800 ms (FindLiveObjects: 0.134500 ms CreateObjectMapping: 0.075200 ms MarkObjects: 2.014600 ms  DeleteObjects: 0.077100 ms)

========================================================================
Received Prepare
Registering precompiled user dll's ...
Registered in 0.003958 seconds.
Begin MonoManager ReloadAssembly
Native extension for WindowsStandalone target not found
Native extension for WebGL target not found
Refreshing native plugins compatible for Editor in 0.30 ms, found 2 plugins.
Preloading 0 native plugins for Editor in 0.00 ms.
Mono: successfully reloaded assembly
- Completed reload, in  1.160 seconds
Platform modules already initialized, skipping
Refreshing native plugins compatible for Editor in 0.35 ms, found 2 plugins.
Preloading 0 native plugins for Editor in 0.00 ms.
Unloading 1396 Unused Serialized files (Serialized files now loaded: 0)
System memory in use before: 68.1 MB.
System memory in use after: 68.1 MB.

Unloading 14 unused Assets to reduce memory usage. Loaded Objects now: 1878.
Total: 1.732500 ms (FindLiveObjects: 0.137300 ms CreateObjectMapping: 0.048700 ms MarkObjects: 1.498100 ms  DeleteObjects: 0.047600 ms)

========================================================================
Received Prepare
Registering precompiled user dll's ...
Registered in 0.003543 seconds.
Begin MonoManager ReloadAssembly
Native extension for WindowsStandalone target not found
Native extension for WebGL target not found
Refreshing native plugins compatible for Editor in 0.30 ms, found 2 plugins.
Preloading 0 native plugins for Editor in 0.00 ms.
Mono: successfully reloaded assembly
- Completed reload, in  1.164 seconds
Platform modules already initialized, skipping
Refreshing native plugins compatible for Editor in 0.30 ms, found 2 plugins.
Preloading 0 native plugins for Editor in 0.00 ms.
Unloading 1396 Unused Serialized files (Serialized files now loaded: 0)
System memory in use before: 68.1 MB.
System memory in use after: 68.1 MB.

Unloading 14 unused Assets to reduce memory usage. Loaded Objects now: 1881.
Total: 1.853900 ms (FindLiveObjects: 0.137900 ms CreateObjectMapping: 0.042700 ms MarkObjects: 1.622300 ms  DeleteObjects: 0.050300 ms)

========================================================================
Received Prepare
Registering precompiled user dll's ...
Registered in 0.113164 seconds.
Begin MonoManager ReloadAssembly
Native extension for WindowsStandalone target not found
Native extension for WebGL target not found
Refreshing native plugins compatible for Editor in 0.42 ms, found 2 plugins.
Preloading 0 native plugins for Editor in 0.00 ms.
Mono: successfully reloaded assembly
- Completed reload, in  2.313 seconds
Platform modules already initialized, skipping
Refreshing native plugins compatible for Editor in 0.78 ms, found 2 plugins.
Preloading 0 native plugins for Editor in 0.00 ms.
Unloading 1396 Unused Serialized files (Serialized files now loaded: 0)
System memory in use before: 68.1 MB.
System memory in use after: 68.1 MB.

Unloading 14 unused Assets to reduce memory usage. Loaded Objects now: 1884.
Total: 2.301200 ms (FindLiveObjects: 0.222300 ms CreateObjectMapping: 0.075900 ms MarkObjects: 1.949800 ms  DeleteObjects: 0.052000 ms)

========================================================================
Received Import Request.
  Time since last request: 1092.068265 seconds.
  path: Assets/Material/Instruction
  artifactKey: Guid(d8b23339cb061f949a48bf5f881f2d1e) Importer(815301076,1909f56bfc062723c751e8b465ee728b)
Start importing Assets/Material/Instruction using Guid(d8b23339cb061f949a48bf5f881f2d1e) Importer(815301076,1909f56bfc062723c751e8b465ee728b)  -> (artifact id: '1761c9eca0c608e87fd18c6b6cb22771') in 0.018789 seconds
  Import took 0.035396 seconds .

========================================================================
Received Import Request.
  Time since last request: 0.055461 seconds.
  path: Assets/Material/Instruction/TitlePage.png
  artifactKey: Guid(ac6d35e199bed05469b9f8227398c5d6) Importer(815301076,1909f56bfc062723c751e8b465ee728b)
Start importing Assets/Material/Instruction/TitlePage.png using Guid(ac6d35e199bed05469b9f8227398c5d6) Importer(815301076,1909f56bfc062723c751e8b465ee728b)  -> (artifact id: '6334e91f3ac7cb937d34c857682c2e25') in 0.168880 seconds
  Import took 0.174021 seconds .

========================================================================
Received Prepare
Registering precompiled user dll's ...
Registered in 0.003397 seconds.
Begin MonoManager ReloadAssembly
Native extension for WindowsStandalone target not found
Native extension for WebGL target not found
Refreshing native plugins compatible for Editor in 0.29 ms, found 2 plugins.
Preloading 0 native plugins for Editor in 0.00 ms.
Mono: successfully reloaded assembly
- Completed reload, in  1.143 seconds
Platform modules already initialized, skipping
Refreshing native plugins compatible for Editor in 0.29 ms, found 2 plugins.
Preloading 0 native plugins for Editor in 0.00 ms.
Unloading 1396 Unused Serialized files (Serialized files now loaded: 0)
System memory in use before: 68.1 MB.
System memory in use after: 68.2 MB.

Unloading 14 unused Assets to reduce memory usage. Loaded Objects now: 1889.
Total: 1.776800 ms (FindLiveObjects: 0.135500 ms CreateObjectMapping: 0.041300 ms MarkObjects: 1.552100 ms  DeleteObjects: 0.047000 ms)

========================================================================
Received Import Request.
  Time since last request: 125.575211 seconds.
  path: Assets/Material/Instruction/TitlePage.png
  artifactKey: Guid(ac6d35e199bed05469b9f8227398c5d6) Importer(815301076,1909f56bfc062723c751e8b465ee728b)
Start importing Assets/Material/Instruction/TitlePage.png using Guid(ac6d35e199bed05469b9f8227398c5d6) Importer(815301076,1909f56bfc062723c751e8b465ee728b)  -> (artifact id: 'b3a6f189e1ca1655fe98bbb9efd88adb') in 0.089072 seconds
  Import took 0.129716 seconds .

========================================================================
Received Import Request.
  Time since last request: 143.371072 seconds.
  path: Assets/Material/Instruction/TitlePage.png
  artifactKey: Guid(ac6d35e199bed05469b9f8227398c5d6) Importer(815301076,1909f56bfc062723c751e8b465ee728b)
Start importing Assets/Material/Instruction/TitlePage.png using Guid(ac6d35e199bed05469b9f8227398c5d6) Importer(815301076,1909f56bfc062723c751e8b465ee728b)  -> (artifact id: 'bf028db58142eb54a461ac9ce42f2525') in 0.013901 seconds
  Import took 0.041210 seconds .

========================================================================
Received Prepare
Registering precompiled user dll's ...
Registered in 0.004257 seconds.
Begin MonoManager ReloadAssembly
Native extension for WindowsStandalone target not found
Native extension for WebGL target not found
Refreshing native plugins compatible for Editor in 0.31 ms, found 2 plugins.
Preloading 0 native plugins for Editor in 0.00 ms.
Mono: successfully reloaded assembly
- Completed reload, in  1.142 seconds
Platform modules already initialized, skipping
Refreshing native plugins compatible for Editor in 0.29 ms, found 2 plugins.
Preloading 0 native plugins for Editor in 0.00 ms.
Unloading 1396 Unused Serialized files (Serialized files now loaded: 0)
System memory in use before: 71.1 MB.
System memory in use after: 71.2 MB.

Unloading 14 unused Assets to reduce memory usage. Loaded Objects now: 1897.
Total: 1.800900 ms (FindLiveObjects: 0.130700 ms CreateObjectMapping: 0.040500 ms MarkObjects: 1.583800 ms  DeleteObjects: 0.044900 ms)

========================================================================
Received Import Request.
  Time since last request: 175.102563 seconds.
  path: Assets/Scenes/TitleScene.unity
  artifactKey: Guid(5c7af8e68c270344e93ccb516a62e9bd) Importer(815301076,1909f56bfc062723c751e8b465ee728b)
Start importing Assets/Scenes/TitleScene.unity using Guid(5c7af8e68c270344e93ccb516a62e9bd) Importer(815301076,1909f56bfc062723c751e8b465ee728b)  -> (artifact id: 'f4747555154364bbc3839fb00c383b96') in 0.013400 seconds
  Import took 0.173525 seconds .

========================================================================
Received Prepare
Registering precompiled user dll's ...
Registered in 0.019287 seconds.
Begin MonoManager ReloadAssembly
Native extension for WindowsStandalone target not found
Native extension for WebGL target not found
Refreshing native plugins compatible for Editor in 0.36 ms, found 2 plugins.
Preloading 0 native plugins for Editor in 0.00 ms.
Mono: successfully reloaded assembly
- Completed reload, in  1.808 seconds
Platform modules already initialized, skipping
Refreshing native plugins compatible for Editor in 0.31 ms, found 2 plugins.
Preloading 0 native plugins for Editor in 0.00 ms.
Unloading 1396 Unused Serialized files (Serialized files now loaded: 0)
System memory in use before: 71.2 MB.
System memory in use after: 71.2 MB.

Unloading 14 unused Assets to reduce memory usage. Loaded Objects now: 1900.
Total: 2.214100 ms (FindLiveObjects: 0.150200 ms CreateObjectMapping: 0.055900 ms MarkObjects: 1.948500 ms  DeleteObjects: 0.058100 ms)

========================================================================
Received Prepare
Registering precompiled user dll's ...
Registered in 0.003758 seconds.
Begin MonoManager ReloadAssembly
Native extension for WindowsStandalone target not found
Native extension for WebGL target not found
Refreshing native plugins compatible for Editor in 0.29 ms, found 2 plugins.
Preloading 0 native plugins for Editor in 0.00 ms.
Mono: successfully reloaded assembly
- Completed reload, in  1.140 seconds
Platform modules already initialized, skipping
Refreshing native plugins compatible for Editor in 0.34 ms, found 2 plugins.
Preloading 0 native plugins for Editor in 0.00 ms.
Unloading 1396 Unused Serialized files (Serialized files now loaded: 0)
System memory in use before: 71.2 MB.
System memory in use after: 71.3 MB.

Unloading 14 unused Assets to reduce memory usage. Loaded Objects now: 1903.
Total: 2.311600 ms (FindLiveObjects: 0.152800 ms CreateObjectMapping: 0.042200 ms MarkObjects: 1.789100 ms  DeleteObjects: 0.326100 ms)

========================================================================
Received Prepare
Registering precompiled user dll's ...
Registered in 0.005756 seconds.
Begin MonoManager ReloadAssembly
Native extension for WindowsStandalone target not found
Native extension for WebGL target not found
Refreshing native plugins compatible for Editor in 0.38 ms, found 2 plugins.
Preloading 0 native plugins for Editor in 0.00 ms.
Mono: successfully reloaded assembly
- Completed reload, in  1.931 seconds
Platform modules already initialized, skipping
Refreshing native plugins compatible for Editor in 0.32 ms, found 2 plugins.
Preloading 0 native plugins for Editor in 0.00 ms.
Unloading 1396 Unused Serialized files (Serialized files now loaded: 0)
System memory in use before: 71.2 MB.
System memory in use after: 71.3 MB.

Unloading 14 unused Assets to reduce memory usage. Loaded Objects now: 1906.
Total: 2.409100 ms (FindLiveObjects: 0.141400 ms CreateObjectMapping: 0.041500 ms MarkObjects: 2.171700 ms  DeleteObjects: 0.053200 ms)

========================================================================
Received Import Request.
  Time since last request: 1151.863282 seconds.
  path: Assets/Scenes/TitleScene.unity
  artifactKey: Guid(5c7af8e68c270344e93ccb516a62e9bd) Importer(815301076,1909f56bfc062723c751e8b465ee728b)
Start importing Assets/Scenes/TitleScene.unity using Guid(5c7af8e68c270344e93ccb516a62e9bd) Importer(815301076,1909f56bfc062723c751e8b465ee728b)  -> (artifact id: '7faf68f4671b27f123605c97e96a38da') in 0.013451 seconds
  Import took 0.031644 seconds .

========================================================================
Received Prepare
Registering precompiled user dll's ...
Registered in 0.015202 seconds.
Begin MonoManager ReloadAssembly
Native extension for WindowsStandalone target not found
Native extension for WebGL target not found
Refreshing native plugins compatible for Editor in 0.32 ms, found 2 plugins.
Preloading 0 native plugins for Editor in 0.00 ms.
Mono: successfully reloaded assembly
- Completed reload, in  1.643 seconds
Platform modules already initialized, skipping
Refreshing native plugins compatible for Editor in 0.64 ms, found 2 plugins.
Preloading 0 native plugins for Editor in 0.00 ms.
Unloading 1396 Unused Serialized files (Serialized files now loaded: 0)
System memory in use before: 71.2 MB.
System memory in use after: 71.3 MB.

Unloading 14 unused Assets to reduce memory usage. Loaded Objects now: 1909.
Total: 2.840700 ms (FindLiveObjects: 0.309200 ms CreateObjectMapping: 0.279500 ms MarkObjects: 2.014300 ms  DeleteObjects: 0.236500 ms)

========================================================================
Received Import Request.
  Time since last request: 118.407701 seconds.
  path: Assets/Material/Instruction/TitlePage.png
  artifactKey: Guid(ac6d35e199bed05469b9f8227398c5d6) Importer(815301076,1909f56bfc062723c751e8b465ee728b)
Start importing Assets/Material/Instruction/TitlePage.png using Guid(ac6d35e199bed05469b9f8227398c5d6) Importer(815301076,1909f56bfc062723c751e8b465ee728b)  -> (artifact id: 'f5605ddfd692668237299eeae24ef055') in 0.084644 seconds
  Import took 0.111839 seconds .

========================================================================
Received Import Request.
  Time since last request: 9.792955 seconds.
  path: Assets/Material/Instruction/MainPage.png
  artifactKey: Guid(ac6d35e199bed05469b9f8227398c5d6) Importer(815301076,1909f56bfc062723c751e8b465ee728b)
Start importing Assets/Material/Instruction/MainPage.png using Guid(ac6d35e199bed05469b9f8227398c5d6) Importer(815301076,1909f56bfc062723c751e8b465ee728b)  -> (artifact id: 'cad80272632a922a7953ab28ef07abaa') in 0.014692 seconds
  Import took 0.018397 seconds .

========================================================================
Received Import Request.
  Time since last request: 27.016941 seconds.
  path: Assets/Material/Instruction/TitlePage.png
  artifactKey: Guid(14dcff5e45c5de74dacb3228b45b5f55) Importer(815301076,1909f56bfc062723c751e8b465ee728b)
Start importing Assets/Material/Instruction/TitlePage.png using Guid(14dcff5e45c5de74dacb3228b45b5f55) Importer(815301076,1909f56bfc062723c751e8b465ee728b)  -> (artifact id: '6880d6068a97c0dcb1c34083627843dd') in 0.014703 seconds
  Import took 0.017847 seconds .

========================================================================
Received Import Request.
  Time since last request: 12.606791 seconds.
  path: Assets/Material/Instruction/TitlePage.png
  artifactKey: Guid(14dcff5e45c5de74dacb3228b45b5f55) Importer(815301076,1909f56bfc062723c751e8b465ee728b)
Start importing Assets/Material/Instruction/TitlePage.png using Guid(14dcff5e45c5de74dacb3228b45b5f55) Importer(815301076,1909f56bfc062723c751e8b465ee728b)  -> (artifact id: '400db877b3e91c5b97abd68e66fdd04f') in 0.014058 seconds
  Import took 0.032883 seconds .

========================================================================
Received Prepare
Registering precompiled user dll's ...
Registered in 0.003635 seconds.
Begin MonoManager ReloadAssembly
Native extension for WindowsStandalone target not found
Native extension for WebGL target not found
Refreshing native plugins compatible for Editor in 0.30 ms, found 2 plugins.
Preloading 0 native plugins for Editor in 0.00 ms.
Mono: successfully reloaded assembly
- Completed reload, in  1.245 seconds
Platform modules already initialized, skipping
Refreshing native plugins compatible for Editor in 0.29 ms, found 2 plugins.
Preloading 0 native plugins for Editor in 0.00 ms.
Unloading 1396 Unused Serialized files (Serialized files now loaded: 0)
System memory in use before: 71.2 MB.
System memory in use after: 71.3 MB.

Unloading 14 unused Assets to reduce memory usage. Loaded Objects now: 1913.
Total: 1.918900 ms (FindLiveObjects: 0.149500 ms CreateObjectMapping: 0.043300 ms MarkObjects: 1.648000 ms  DeleteObjects: 0.077000 ms)

========================================================================
Received Prepare
Registering precompiled user dll's ...
Registered in 0.008066 seconds.
Begin MonoManager ReloadAssembly
Native extension for WindowsStandalone target not found
Native extension for WebGL target not found
Refreshing native plugins compatible for Editor in 0.71 ms, found 2 plugins.
Preloading 0 native plugins for Editor in 0.00 ms.
Mono: successfully reloaded assembly
- Completed reload, in  1.689 seconds
Platform modules already initialized, skipping
Refreshing native plugins compatible for Editor in 0.41 ms, found 2 plugins.
Preloading 0 native plugins for Editor in 0.00 ms.
Unloading 1396 Unused Serialized files (Serialized files now loaded: 0)
System memory in use before: 71.2 MB.
System memory in use after: 71.3 MB.

Unloading 14 unused Assets to reduce memory usage. Loaded Objects now: 1916.
Total: 4.409500 ms (FindLiveObjects: 0.393800 ms CreateObjectMapping: 0.112700 ms MarkObjects: 3.779600 ms  DeleteObjects: 0.121700 ms)

========================================================================
Received Prepare
Registering precompiled user dll's ...
Registered in 0.004897 seconds.
Begin MonoManager ReloadAssembly
Native extension for WindowsStandalone target not found
Native extension for WebGL target not found
Refreshing native plugins compatible for Editor in 0.35 ms, found 2 plugins.
Preloading 0 native plugins for Editor in 0.00 ms.
Mono: successfully reloaded assembly
- Completed reload, in  1.587 seconds
Platform modules already initialized, skipping
Refreshing native plugins compatible for Editor in 0.47 ms, found 2 plugins.
Preloading 0 native plugins for Editor in 0.00 ms.
Unloading 1396 Unused Serialized files (Serialized files now loaded: 0)
System memory in use before: 71.2 MB.
System memory in use after: 71.3 MB.

Unloading 14 unused Assets to reduce memory usage. Loaded Objects now: 1919.
Total: 2.465100 ms (FindLiveObjects: 0.148200 ms CreateObjectMapping: 0.044600 ms MarkObjects: 2.215100 ms  DeleteObjects: 0.055700 ms)

========================================================================
Received Prepare
Registering precompiled user dll's ...
Registered in 0.006374 seconds.
Begin MonoManager ReloadAssembly
Native extension for WindowsStandalone target not found
Native extension for WebGL target not found
Refreshing native plugins compatible for Editor in 0.33 ms, found 2 plugins.
Preloading 0 native plugins for Editor in 0.00 ms.
Mono: successfully reloaded assembly
- Completed reload, in  1.747 seconds
Platform modules already initialized, skipping
Refreshing native plugins compatible for Editor in 0.30 ms, found 2 plugins.
Preloading 0 native plugins for Editor in 0.00 ms.
Unloading 1396 Unused Serialized files (Serialized files now loaded: 0)
System memory in use before: 71.2 MB.
System memory in use after: 71.3 MB.

Unloading 14 unused Assets to reduce memory usage. Loaded Objects now: 1922.
Total: 2.718600 ms (FindLiveObjects: 0.183500 ms CreateObjectMapping: 0.049000 ms MarkObjects: 2.323200 ms  DeleteObjects: 0.160500 ms)

========================================================================
Received Import Request.
  Time since last request: 8275.254250 seconds.
  path: Assets/Material/Instruction/rule
  artifactKey: Guid(f36d2a6e9f05dd44aaa5b54c670d20cf) Importer(815301076,1909f56bfc062723c751e8b465ee728b)
Start importing Assets/Material/Instruction/rule using Guid(f36d2a6e9f05dd44aaa5b54c670d20cf) Importer(815301076,1909f56bfc062723c751e8b465ee728b)  -> (artifact id: '4cd97bb6eecf8fb6575af3df1e7867e2') in 0.010749 seconds
  Import took 0.013605 seconds .

========================================================================
Received Import Request.
  Time since last request: 0.001914 seconds.
  path: Assets/Material/Instruction/rule
  artifactKey: Guid(f36d2a6e9f05dd44aaa5b54c670d20cf) Importer(815301076,1909f56bfc062723c751e8b465ee728b)
Start importing Assets/Material/Instruction/rule using Guid(f36d2a6e9f05dd44aaa5b54c670d20cf) Importer(815301076,1909f56bfc062723c751e8b465ee728b)  -> (artifact id: '4cd97bb6eecf8fb6575af3df1e7867e2') in 0.002812 seconds
  Import took 0.006016 seconds .

========================================================================
Received Import Request.
  Time since last request: 0.013340 seconds.
  path: Assets/Material/Instruction/rule/1.PNG
  artifactKey: Guid(9cee00a9e84a7584a9df5ae62c31f0d0) Importer(815301076,1909f56bfc062723c751e8b465ee728b)
Start importing Assets/Material/Instruction/rule/1.PNG using Guid(9cee00a9e84a7584a9df5ae62c31f0d0) Importer(815301076,1909f56bfc062723c751e8b465ee728b)  -> (artifact id: '82b19be60be652993ab811c46aa37eec') in 0.091662 seconds
  Import took 0.094670 seconds .

========================================================================
Received Import Request.
  Time since last request: 0.000186 seconds.
  path: Assets/Material/Instruction/rule/5.PNG
  artifactKey: Guid(d910a4c2c02f6654fbdcf96870502775) Importer(815301076,1909f56bfc062723c751e8b465ee728b)
Start importing Assets/Material/Instruction/rule/5.PNG using Guid(d910a4c2c02f6654fbdcf96870502775) Importer(815301076,1909f56bfc062723c751e8b465ee728b)  -> (artifact id: '6c70d35907e500fefc03ce2c924f84f0') in 0.015012 seconds
  Import took 0.017445 seconds .

========================================================================
Received Import Request.
  Time since last request: 0.000244 seconds.
  path: Assets/Material/Instruction/rule/7.PNG
  artifactKey: Guid(e34fa4d060d4e634babd4b4ebdf2027e) Importer(815301076,1909f56bfc062723c751e8b465ee728b)
Start importing Assets/Material/Instruction/rule/7.PNG using Guid(e34fa4d060d4e634babd4b4ebdf2027e) Importer(815301076,1909f56bfc062723c751e8b465ee728b)  -> (artifact id: 'd6ea704de90354350c8e1b005866088e') in 0.014773 seconds
  Import took 0.017790 seconds .

========================================================================
Received Import Request.
  Time since last request: 0.000193 seconds.
  path: Assets/Material/Instruction/rule/6.PNG
  artifactKey: Guid(7f26104d24278bd4fa9aeefcebc20560) Importer(815301076,1909f56bfc062723c751e8b465ee728b)
Start importing Assets/Material/Instruction/rule/6.PNG using Guid(7f26104d24278bd4fa9aeefcebc20560) Importer(815301076,1909f56bfc062723c751e8b465ee728b)  -> (artifact id: '83ca10e20ba029a5dbe1fade3b01a2bc') in 0.015600 seconds
  Import took 0.018569 seconds .

========================================================================
Received Import Request.
  Time since last request: 0.000089 seconds.
  path: Assets/Material/Instruction/rule/2.PNG
  artifactKey: Guid(6bfde9c844ef77a4ea7beb8660ace54a) Importer(815301076,1909f56bfc062723c751e8b465ee728b)
Start importing Assets/Material/Instruction/rule/2.PNG using Guid(6bfde9c844ef77a4ea7beb8660ace54a) Importer(815301076,1909f56bfc062723c751e8b465ee728b)  -> (artifact id: 'c673e138eb8e34e8e5434252edbc2a4c') in 0.014220 seconds
  Import took 0.033533 seconds .

========================================================================
Received Import Request.
  Time since last request: 0.000202 seconds.
  path: Assets/Material/Instruction/rule/4.PNG
  artifactKey: Guid(168168611274b334d80bcee6e71a90c9) Importer(815301076,1909f56bfc062723c751e8b465ee728b)
Start importing Assets/Material/Instruction/rule/4.PNG using Guid(168168611274b334d80bcee6e71a90c9) Importer(815301076,1909f56bfc062723c751e8b465ee728b)  -> (artifact id: '73b9d2cba75c996b627bfc0f40d30a80') in 0.013076 seconds
  Import took 0.016617 seconds .

========================================================================
Received Import Request.
  Time since last request: 0.000221 seconds.
  path: Assets/Material/Instruction/rule/3.PNG
  artifactKey: Guid(34b8562c79732da4483ee4aec3d6fb36) Importer(815301076,1909f56bfc062723c751e8b465ee728b)
Start importing Assets/Material/Instruction/rule/3.PNG using Guid(34b8562c79732da4483ee4aec3d6fb36) Importer(815301076,1909f56bfc062723c751e8b465ee728b)  -> (artifact id: 'b6db0003e1a1321f9b6aac808d7df54b') in 0.011459 seconds
  Import took 0.014095 seconds .

========================================================================
Received Import Request.
  Time since last request: 14.054456 seconds.
  path: Assets/Material/Instruction/rule/1.PNG
  artifactKey: Guid(9cee00a9e84a7584a9df5ae62c31f0d0) Importer(815301076,1909f56bfc062723c751e8b465ee728b)
Start importing Assets/Material/Instruction/rule/1.PNG using Guid(9cee00a9e84a7584a9df5ae62c31f0d0) Importer(815301076,1909f56bfc062723c751e8b465ee728b)  -> (artifact id: '533d7274e2eaafe8867c50b9e3cf3774') in 0.034328 seconds
  Import took 0.559146 seconds .

========================================================================
Received Import Request.
  Time since last request: 7.754800 seconds.
  path: Assets/Material/Instruction/rule/2.PNG
  artifactKey: Guid(6bfde9c844ef77a4ea7beb8660ace54a) Importer(815301076,1909f56bfc062723c751e8b465ee728b)
Start importing Assets/Material/Instruction/rule/2.PNG using Guid(6bfde9c844ef77a4ea7beb8660ace54a) Importer(815301076,1909f56bfc062723c751e8b465ee728b)  -> (artifact id: '94aee52fa4e4df48d1e7db29efb3be1e') in 0.025672 seconds
  Import took 0.029130 seconds .

========================================================================
Received Import Request.
  Time since last request: 5.915347 seconds.
  path: Assets/Material/Instruction/rule/3.PNG
  artifactKey: Guid(34b8562c79732da4483ee4aec3d6fb36) Importer(815301076,1909f56bfc062723c751e8b465ee728b)
Start importing Assets/Material/Instruction/rule/3.PNG using Guid(34b8562c79732da4483ee4aec3d6fb36) Importer(815301076,1909f56bfc062723c751e8b465ee728b)  -> (artifact id: '54d2e958220a63adde792447aa36fbfa') in 0.011704 seconds
  Import took 0.026144 seconds .

========================================================================
Received Import Request.
  Time since last request: 8.381395 seconds.
  path: Assets/Material/Instruction/rule/4.PNG
  artifactKey: Guid(168168611274b334d80bcee6e71a90c9) Importer(815301076,1909f56bfc062723c751e8b465ee728b)
Start importing Assets/Material/Instruction/rule/4.PNG using Guid(168168611274b334d80bcee6e71a90c9) Importer(815301076,1909f56bfc062723c751e8b465ee728b)  -> (artifact id: 'cced164e61b110a000e12af6e15916be') in 0.021692 seconds
  Import took 0.026487 seconds .

========================================================================
Received Import Request.
  Time since last request: 6.415924 seconds.
  path: Assets/Material/Instruction/rule/5.PNG
  artifactKey: Guid(d910a4c2c02f6654fbdcf96870502775) Importer(815301076,1909f56bfc062723c751e8b465ee728b)
Start importing Assets/Material/Instruction/rule/5.PNG using Guid(d910a4c2c02f6654fbdcf96870502775) Importer(815301076,1909f56bfc062723c751e8b465ee728b)  -> (artifact id: '2d60eb6b1b906a1cd1d142e50d5ef9e2') in 0.013128 seconds
  Import took 0.016731 seconds .

========================================================================
Received Import Request.
  Time since last request: 5.711140 seconds.
  path: Assets/Material/Instruction/rule/6.PNG
  artifactKey: Guid(7f26104d24278bd4fa9aeefcebc20560) Importer(815301076,1909f56bfc062723c751e8b465ee728b)
Start importing Assets/Material/Instruction/rule/6.PNG using Guid(7f26104d24278bd4fa9aeefcebc20560) Importer(815301076,1909f56bfc062723c751e8b465ee728b)  -> (artifact id: '38f6a7416d9a4efe41ef426f0315f669') in 0.013803 seconds
  Import took 0.016577 seconds .

========================================================================
Received Import Request.
  Time since last request: 5.697289 seconds.
  path: Assets/Material/Instruction/rule/7.PNG
  artifactKey: Guid(e34fa4d060d4e634babd4b4ebdf2027e) Importer(815301076,1909f56bfc062723c751e8b465ee728b)
Start importing Assets/Material/Instruction/rule/7.PNG using Guid(e34fa4d060d4e634babd4b4ebdf2027e) Importer(815301076,1909f56bfc062723c751e8b465ee728b)  -> (artifact id: '05a9f326d7f20711bd742f58291cc81a') in 0.021212 seconds
  Import took 0.042769 seconds .

========================================================================
Received Prepare
Registering precompiled user dll's ...
Registered in 0.003555 seconds.
Begin MonoManager ReloadAssembly
Native extension for WindowsStandalone target not found
Native extension for WebGL target not found
Refreshing native plugins compatible for Editor in 0.33 ms, found 2 plugins.
Preloading 0 native plugins for Editor in 0.00 ms.
Mono: successfully reloaded assembly
- Completed reload, in  1.088 seconds
Platform modules already initialized, skipping
Refreshing native plugins compatible for Editor in 0.29 ms, found 2 plugins.
Preloading 0 native plugins for Editor in 0.00 ms.
Unloading 1396 Unused Serialized files (Serialized files now loaded: 0)
System memory in use before: 71.3 MB.
System memory in use after: 71.4 MB.

Unloading 14 unused Assets to reduce memory usage. Loaded Objects now: 1926.
Total: 2.477400 ms (FindLiveObjects: 0.134400 ms CreateObjectMapping: 0.038800 ms MarkObjects: 2.177900 ms  DeleteObjects: 0.125000 ms)

========================================================================
Received Prepare
Registering precompiled user dll's ...
Registered in 0.003701 seconds.
Begin MonoManager ReloadAssembly
Native extension for WindowsStandalone target not found
Native extension for WebGL target not found
Refreshing native plugins compatible for Editor in 0.29 ms, found 2 plugins.
Preloading 0 native plugins for Editor in 0.00 ms.
Mono: successfully reloaded assembly
- Completed reload, in  1.149 seconds
Platform modules already initialized, skipping
Refreshing native plugins compatible for Editor in 0.29 ms, found 2 plugins.
Preloading 0 native plugins for Editor in 0.00 ms.
Unloading 1396 Unused Serialized files (Serialized files now loaded: 0)
System memory in use before: 71.3 MB.
System memory in use after: 71.4 MB.

Unloading 14 unused Assets to reduce memory usage. Loaded Objects now: 1929.
Total: 1.906900 ms (FindLiveObjects: 0.141200 ms CreateObjectMapping: 0.042800 ms MarkObjects: 1.671000 ms  DeleteObjects: 0.050500 ms)

========================================================================
Received Prepare
Refreshing native plugins compatible for Editor in 3.18 ms, found 2 plugins.
Preloading 0 native plugins for Editor in 0.00 ms.
Unloading 12 Unused Serialized files (Serialized files now loaded: 0)
System memory in use before: 43.9 MB.
System memory in use after: 44.0 MB.

Unloading 12 unused Assets to reduce memory usage. Loaded Objects now: 1929.
Total: 2.639100 ms (FindLiveObjects: 0.141500 ms CreateObjectMapping: 0.044100 ms MarkObjects: 2.402600 ms  DeleteObjects: 0.049900 ms)

========================================================================
Received Prepare
Registering precompiled user dll's ...
Registered in 0.003772 seconds.
Begin MonoManager ReloadAssembly
Native extension for WindowsStandalone target not found
Native extension for WebGL target not found
Refreshing native plugins compatible for Editor in 0.29 ms, found 2 plugins.
Preloading 0 native plugins for Editor in 0.00 ms.
Mono: successfully reloaded assembly
- Completed reload, in  1.103 seconds
Platform modules already initialized, skipping
Refreshing native plugins compatible for Editor in 0.30 ms, found 2 plugins.
Preloading 0 native plugins for Editor in 0.00 ms.
Unloading 1396 Unused Serialized files (Serialized files now loaded: 0)
System memory in use before: 71.3 MB.
System memory in use after: 71.4 MB.

Unloading 14 unused Assets to reduce memory usage. Loaded Objects now: 1932.
Total: 1.944800 ms (FindLiveObjects: 0.142300 ms CreateObjectMapping: 0.041400 ms MarkObjects: 1.707000 ms  DeleteObjects: 0.053100 ms)

========================================================================
Received Import Request.
  Time since last request: 751.690201 seconds.
  path: Assets/Scenes/MainScene.unity
  artifactKey: Guid(9fc0d4010bbf28b4594072e72b8655ab) Importer(815301076,1909f56bfc062723c751e8b465ee728b)
Start importing Assets/Scenes/MainScene.unity using Guid(9fc0d4010bbf28b4594072e72b8655ab) Importer(815301076,1909f56bfc062723c751e8b465ee728b)  -> (artifact id: '7250cdacaa51260a26ba3f7dafa6ff88') in 0.012458 seconds
  Import took 0.029403 seconds .

========================================================================
Received Prepare
Registering precompiled user dll's ...
Registered in 0.003605 seconds.
Begin MonoManager ReloadAssembly
Native extension for WindowsStandalone target not found
Native extension for WebGL target not found
Refreshing native plugins compatible for Editor in 0.29 ms, found 2 plugins.
Preloading 0 native plugins for Editor in 0.00 ms.
Mono: successfully reloaded assembly
- Completed reload, in  1.137 seconds
Platform modules already initialized, skipping
Refreshing native plugins compatible for Editor in 0.29 ms, found 2 plugins.
Preloading 0 native plugins for Editor in 0.00 ms.
Unloading 1396 Unused Serialized files (Serialized files now loaded: 0)
System memory in use before: 71.3 MB.
System memory in use after: 71.4 MB.

Unloading 14 unused Assets to reduce memory usage. Loaded Objects now: 1935.
Total: 1.940500 ms (FindLiveObjects: 0.154700 ms CreateObjectMapping: 0.042900 ms MarkObjects: 1.692500 ms  DeleteObjects: 0.049400 ms)

========================================================================
Received Prepare
Registering precompiled user dll's ...
Registered in 0.003926 seconds.
Begin MonoManager ReloadAssembly
Native extension for WindowsStandalone target not found
Native extension for WebGL target not found
Refreshing native plugins compatible for Editor in 0.29 ms, found 2 plugins.
Preloading 0 native plugins for Editor in 0.00 ms.
Mono: successfully reloaded assembly
- Completed reload, in  1.124 seconds
Platform modules already initialized, skipping
Refreshing native plugins compatible for Editor in 0.30 ms, found 2 plugins.
Preloading 0 native plugins for Editor in 0.00 ms.
Unloading 1396 Unused Serialized files (Serialized files now loaded: 0)
System memory in use before: 71.3 MB.
System memory in use after: 71.4 MB.

Unloading 14 unused Assets to reduce memory usage. Loaded Objects now: 1938.
Total: 3.050900 ms (FindLiveObjects: 0.307900 ms CreateObjectMapping: 0.095200 ms MarkObjects: 2.499800 ms  DeleteObjects: 0.146800 ms)

========================================================================
Received Import Request.
  Time since last request: 177.618835 seconds.
  path: Assets/Scenes/TitleScene.unity
  artifactKey: Guid(5c7af8e68c270344e93ccb516a62e9bd) Importer(815301076,1909f56bfc062723c751e8b465ee728b)
Start importing Assets/Scenes/TitleScene.unity using Guid(5c7af8e68c270344e93ccb516a62e9bd) Importer(815301076,1909f56bfc062723c751e8b465ee728b)  -> (artifact id: '9f3fd88e28b7f9f07f7d8a6dc01f8795') in 0.010892 seconds
  Import took 0.025719 seconds .

========================================================================
Received Prepare
Refreshing native plugins compatible for Editor in 3.67 ms, found 2 plugins.
Preloading 0 native plugins for Editor in 0.00 ms.
Unloading 12 Unused Serialized files (Serialized files now loaded: 0)
System memory in use before: 43.9 MB.
System memory in use after: 44.0 MB.

Unloading 12 unused Assets to reduce memory usage. Loaded Objects now: 1938.
Total: 2.269900 ms (FindLiveObjects: 0.172300 ms CreateObjectMapping: 0.054400 ms MarkObjects: 1.986800 ms  DeleteObjects: 0.055200 ms)

========================================================================
Received Prepare
Registering precompiled user dll's ...
Registered in 0.009064 seconds.
Begin MonoManager ReloadAssembly
Native extension for WindowsStandalone target not found
Native extension for WebGL target not found
Refreshing native plugins compatible for Editor in 0.55 ms, found 2 plugins.
Preloading 0 native plugins for Editor in 0.00 ms.
Mono: successfully reloaded assembly
- Completed reload, in  1.228 seconds
Platform modules already initialized, skipping
Refreshing native plugins compatible for Editor in 0.38 ms, found 2 plugins.
Preloading 0 native plugins for Editor in 0.00 ms.
Unloading 1396 Unused Serialized files (Serialized files now loaded: 0)
System memory in use before: 71.3 MB.
System memory in use after: 71.4 MB.

Unloading 14 unused Assets to reduce memory usage. Loaded Objects now: 1941.
Total: 1.875000 ms (FindLiveObjects: 0.145400 ms CreateObjectMapping: 0.046500 ms MarkObjects: 1.628100 ms  DeleteObjects: 0.053800 ms)

========================================================================
Received Import Request.
  Time since last request: 965.922409 seconds.
  path: Assets/Audio/SE/SE_Button.mp3
  artifactKey: Guid(a12dc5ee34219ee46a380cd3c57a44f9) Importer(815301076,1909f56bfc062723c751e8b465ee728b)
Start importing Assets/Audio/SE/SE_Button.mp3 using Guid(a12dc5ee34219ee46a380cd3c57a44f9) Importer(815301076,1909f56bfc062723c751e8b465ee728b)  -> (artifact id: 'c572f19035479139987118e6a341c33e') in 0.107016 seconds
  Import took 0.110425 seconds .

========================================================================
Received Import Request.
  Time since last request: 0.000261 seconds.
  path: Assets/Audio/SE/SE_GameEnd.mp3
  artifactKey: Guid(e73c35d5e5d14b44e9ace6376c80480c) Importer(815301076,1909f56bfc062723c751e8b465ee728b)
Start importing Assets/Audio/SE/SE_GameEnd.mp3 using Guid(e73c35d5e5d14b44e9ace6376c80480c) Importer(815301076,1909f56bfc062723c751e8b465ee728b)  -> (artifact id: 'f7104ab5b13f8ade67bef1b1066dd282') in 0.022000 seconds
  Import took 0.024716 seconds .

========================================================================
Received Import Request.
  Time since last request: 0.000269 seconds.
  path: Assets/Audio/SE/SE_SetWall.mp3
  artifactKey: Guid(e69a0b729200d2046a7c29181a08b564) Importer(815301076,1909f56bfc062723c751e8b465ee728b)
Start importing Assets/Audio/SE/SE_SetWall.mp3 using Guid(e69a0b729200d2046a7c29181a08b564) Importer(815301076,1909f56bfc062723c751e8b465ee728b)  -> (artifact id: '14ad06db3d7251f474a653250b8f23f3') in 0.039232 seconds
  Import took 0.041984 seconds .

========================================================================
Received Import Request.
  Time since last request: 0.000235 seconds.
  path: Assets/Audio/SE/SE_Start.mp3
  artifactKey: Guid(346bd5156ff0ae540ac143a93663f69a) Importer(815301076,1909f56bfc062723c751e8b465ee728b)
Start importing Assets/Audio/SE/SE_Start.mp3 using Guid(346bd5156ff0ae540ac143a93663f69a) Importer(815301076,1909f56bfc062723c751e8b465ee728b)  -> (artifact id: 'ae8f336aad29ff70afd5e0d1c52f08d1') in 0.015818 seconds
  Import took 0.039157 seconds .

========================================================================
Received Prepare
Registering precompiled user dll's ...
Registered in 0.004104 seconds.
Begin MonoManager ReloadAssembly
Native extension for WindowsStandalone target not found
Native extension for WebGL target not found
Refreshing native plugins compatible for Editor in 0.30 ms, found 2 plugins.
Preloading 0 native plugins for Editor in 0.00 ms.
Mono: successfully reloaded assembly
- Completed reload, in  1.104 seconds
Platform modules already initialized, skipping
Refreshing native plugins compatible for Editor in 0.29 ms, found 2 plugins.
Preloading 0 native plugins for Editor in 0.00 ms.
Unloading 1396 Unused Serialized files (Serialized files now loaded: 0)
System memory in use before: 71.4 MB.
System memory in use after: 71.5 MB.

Unloading 14 unused Assets to reduce memory usage. Loaded Objects now: 1951.
Total: 1.968800 ms (FindLiveObjects: 0.141500 ms CreateObjectMapping: 0.042700 ms MarkObjects: 1.733500 ms  DeleteObjects: 0.050000 ms)

========================================================================
Received Prepare
Registering precompiled user dll's ...
Registered in 0.004440 seconds.
Begin MonoManager ReloadAssembly
Native extension for WindowsStandalone target not found
Native extension for WebGL target not found
Refreshing native plugins compatible for Editor in 0.37 ms, found 2 plugins.
Preloading 0 native plugins for Editor in 0.00 ms.
Mono: successfully reloaded assembly
- Completed reload, in  1.241 seconds
Platform modules already initialized, skipping
Refreshing native plugins compatible for Editor in 0.30 ms, found 2 plugins.
Preloading 0 native plugins for Editor in 0.00 ms.
Unloading 1396 Unused Serialized files (Serialized files now loaded: 0)
System memory in use before: 71.4 MB.
System memory in use after: 71.5 MB.

Unloading 14 unused Assets to reduce memory usage. Loaded Objects now: 1954.
Total: 1.827800 ms (FindLiveObjects: 0.146800 ms CreateObjectMapping: 0.041900 ms MarkObjects: 1.585000 ms  DeleteObjects: 0.052900 ms)

========================================================================
Received Prepare
Registering precompiled user dll's ...
Registered in 0.003405 seconds.
Begin MonoManager ReloadAssembly
Native extension for WindowsStandalone target not found
Native extension for WebGL target not found
Refreshing native plugins compatible for Editor in 0.29 ms, found 2 plugins.
Preloading 0 native plugins for Editor in 0.00 ms.
Mono: successfully reloaded assembly
- Completed reload, in  1.119 seconds
Platform modules already initialized, skipping
Refreshing native plugins compatible for Editor in 0.31 ms, found 2 plugins.
Preloading 0 native plugins for Editor in 0.00 ms.
Unloading 1396 Unused Serialized files (Serialized files now loaded: 0)
System memory in use before: 71.4 MB.
System memory in use after: 71.5 MB.

Unloading 14 unused Assets to reduce memory usage. Loaded Objects now: 1957.
Total: 1.903100 ms (FindLiveObjects: 0.167400 ms CreateObjectMapping: 0.054500 ms MarkObjects: 1.629200 ms  DeleteObjects: 0.050400 ms)

========================================================================
Received Prepare
Registering precompiled user dll's ...
Registered in 0.004106 seconds.
Begin MonoManager ReloadAssembly
Native extension for WindowsStandalone target not found
Native extension for WebGL target not found
Refreshing native plugins compatible for Editor in 0.33 ms, found 2 plugins.
Preloading 0 native plugins for Editor in 0.00 ms.
Mono: successfully reloaded assembly
- Completed reload, in  1.140 seconds
Platform modules already initialized, skipping
Refreshing native plugins compatible for Editor in 0.29 ms, found 2 plugins.
Preloading 0 native plugins for Editor in 0.00 ms.
Unloading 1396 Unused Serialized files (Serialized files now loaded: 0)
System memory in use before: 71.4 MB.
System memory in use after: 71.5 MB.

Unloading 14 unused Assets to reduce memory usage. Loaded Objects now: 1960.
Total: 2.209700 ms (FindLiveObjects: 0.143000 ms CreateObjectMapping: 0.043900 ms MarkObjects: 1.970200 ms  DeleteObjects: 0.051600 ms)

========================================================================
Received Import Request.
  Time since last request: 490.298933 seconds.
  path: Assets/Scenes/MainScene.unity
  artifactKey: Guid(9fc0d4010bbf28b4594072e72b8655ab) Importer(815301076,1909f56bfc062723c751e8b465ee728b)
Start importing Assets/Scenes/MainScene.unity using Guid(9fc0d4010bbf28b4594072e72b8655ab) Importer(815301076,1909f56bfc062723c751e8b465ee728b)  -> (artifact id: '1d1090a4abb7b3b263a1635650523289') in 0.012824 seconds
  Import took 0.016027 seconds .

========================================================================
Received Prepare
Registering precompiled user dll's ...
Registered in 0.003340 seconds.
Begin MonoManager ReloadAssembly
Native extension for WindowsStandalone target not found
Native extension for WebGL target not found
Refreshing native plugins compatible for Editor in 0.31 ms, found 2 plugins.
Preloading 0 native plugins for Editor in 0.00 ms.
Mono: successfully reloaded assembly
- Completed reload, in  1.170 seconds
Platform modules already initialized, skipping
Refreshing native plugins compatible for Editor in 0.29 ms, found 2 plugins.
Preloading 0 native plugins for Editor in 0.00 ms.
Unloading 1396 Unused Serialized files (Serialized files now loaded: 0)
System memory in use before: 71.4 MB.
System memory in use after: 71.5 MB.

Unloading 14 unused Assets to reduce memory usage. Loaded Objects now: 1963.
Total: 2.419000 ms (FindLiveObjects: 0.149600 ms CreateObjectMapping: 0.048100 ms MarkObjects: 2.165400 ms  DeleteObjects: 0.054700 ms)

========================================================================
Received Prepare
Registering precompiled user dll's ...
Registered in 0.003290 seconds.
Begin MonoManager ReloadAssembly
Native extension for WindowsStandalone target not found
Native extension for WebGL target not found
Refreshing native plugins compatible for Editor in 0.32 ms, found 2 plugins.
Preloading 0 native plugins for Editor in 0.00 ms.
Mono: successfully reloaded assembly
- Completed reload, in  1.166 seconds
Platform modules already initialized, skipping
Refreshing native plugins compatible for Editor in 0.29 ms, found 2 plugins.
Preloading 0 native plugins for Editor in 0.00 ms.
Unloading 1396 Unused Serialized files (Serialized files now loaded: 0)
System memory in use before: 71.4 MB.
System memory in use after: 71.5 MB.

Unloading 14 unused Assets to reduce memory usage. Loaded Objects now: 1966.
Total: 1.930300 ms (FindLiveObjects: 0.172600 ms CreateObjectMapping: 0.056000 ms MarkObjects: 1.649300 ms  DeleteObjects: 0.051000 ms)

========================================================================
Received Prepare
Registering precompiled user dll's ...
Registered in 0.003403 seconds.
Begin MonoManager ReloadAssembly
Native extension for WindowsStandalone target not found
Native extension for WebGL target not found
Refreshing native plugins compatible for Editor in 0.68 ms, found 2 plugins.
Preloading 0 native plugins for Editor in 0.00 ms.
Mono: successfully reloaded assembly
- Completed reload, in  1.108 seconds
Platform modules already initialized, skipping
Refreshing native plugins compatible for Editor in 0.29 ms, found 2 plugins.
Preloading 0 native plugins for Editor in 0.00 ms.
Unloading 1396 Unused Serialized files (Serialized files now loaded: 0)
System memory in use before: 71.4 MB.
System memory in use after: 71.5 MB.

Unloading 14 unused Assets to reduce memory usage. Loaded Objects now: 1969.
Total: 2.088000 ms (FindLiveObjects: 0.139600 ms CreateObjectMapping: 0.041500 ms MarkObjects: 1.855500 ms  DeleteObjects: 0.050100 ms)

========================================================================
Received Prepare
Registering precompiled user dll's ...
Registered in 0.003754 seconds.
Begin MonoManager ReloadAssembly
Native extension for WindowsStandalone target not found
Native extension for WebGL target not found
Refreshing native plugins compatible for Editor in 0.30 ms, found 2 plugins.
Preloading 0 native plugins for Editor in 0.00 ms.
Mono: successfully reloaded assembly
- Completed reload, in  1.110 seconds
Platform modules already initialized, skipping
Refreshing native plugins compatible for Editor in 0.31 ms, found 2 plugins.
Preloading 0 native plugins for Editor in 0.00 ms.
Unloading 1396 Unused Serialized files (Serialized files now loaded: 0)
System memory in use before: 71.4 MB.
System memory in use after: 71.5 MB.

Unloading 14 unused Assets to reduce memory usage. Loaded Objects now: 1972.
Total: 2.633800 ms (FindLiveObjects: 0.144400 ms CreateObjectMapping: 0.044000 ms MarkObjects: 2.391800 ms  DeleteObjects: 0.052100 ms)

========================================================================
Received Prepare
Registering precompiled user dll's ...
Registered in 0.003516 seconds.
Begin MonoManager ReloadAssembly
Native extension for WindowsStandalone target not found
Native extension for WebGL target not found
Refreshing native plugins compatible for Editor in 0.41 ms, found 2 plugins.
Preloading 0 native plugins for Editor in 0.00 ms.
Mono: successfully reloaded assembly
- Completed reload, in  1.166 seconds
Platform modules already initialized, skipping
Refreshing native plugins compatible for Editor in 0.29 ms, found 2 plugins.
Preloading 0 native plugins for Editor in 0.00 ms.
Unloading 1396 Unused Serialized files (Serialized files now loaded: 0)
System memory in use before: 71.4 MB.
System memory in use after: 71.5 MB.

Unloading 14 unused Assets to reduce memory usage. Loaded Objects now: 1975.
Total: 1.801400 ms (FindLiveObjects: 0.141600 ms CreateObjectMapping: 0.041500 ms MarkObjects: 1.571700 ms  DeleteObjects: 0.045900 ms)

========================================================================
Received Prepare
Refreshing native plugins compatible for Editor in 3.58 ms, found 2 plugins.
Preloading 0 native plugins for Editor in 0.00 ms.
Unloading 12 Unused Serialized files (Serialized files now loaded: 0)
System memory in use before: 44.0 MB.
System memory in use after: 44.1 MB.

Unloading 12 unused Assets to reduce memory usage. Loaded Objects now: 1975.
Total: 1.834200 ms (FindLiveObjects: 0.142000 ms CreateObjectMapping: 0.042500 ms MarkObjects: 1.598700 ms  DeleteObjects: 0.050000 ms)

========================================================================
Received Import Request.
  Time since last request: 1006.745767 seconds.
  path: Assets/Scenes/TitleScene.unity
  artifactKey: Guid(5c7af8e68c270344e93ccb516a62e9bd) Importer(815301076,1909f56bfc062723c751e8b465ee728b)
Start importing Assets/Scenes/TitleScene.unity using Guid(5c7af8e68c270344e93ccb516a62e9bd) Importer(815301076,1909f56bfc062723c751e8b465ee728b)  -> (artifact id: '16b91d3e4c274b1a80a5aa751877f6ca') in 0.018636 seconds
  Import took 0.021636 seconds .

AssetImportWorkerClient::OnTransportError - code=2 error=End of file
